<?xml version="1.0" encoding="UTF-8"?>
<!-- Generated by org.testng.reporters.JUnitReportReporter -->
<testsuite skipped="0" hostname="A2ML29058" name="StepDefinitions.Steps" tests="1" failures="0" timestamp="22 Mar 2019 10:19:44 GMT" time="8.478" errors="0">
  <testcase name="open_the_Firefox_and_launch_the_application" time="8.478" classname="StepDefinitions.Steps"/>
</testsuite> <!-- StepDefinitions.Steps -->
