<?xml version="1.0" encoding="UTF-8"?>
<!-- Generated by org.testng.reporters.JUnitReportReporter -->
<testsuite skipped="0" hostname="A2ML29058" name="testRunner.Runner" tests="1" failures="0" timestamp="16 Apr 2019 06:41:10 GMT" time="24.943" errors="0">
  <testcase name="feature" time="24.943" classname="testRunner.Runner"/>
</testsuite> <!-- testRunner.Runner -->
